<?xml version="1.0" encoding="UTF-8"?>
<!-- Generated by org.testng.reporters.JUnitXMLReporter -->
<testsuite ignored="0" hostname="DESKTOP-1ACHF76" failures="0" tests="4" name="Test" time="103.058" errors="0" timestamp="2025-07-17T20:08:31 IST">
  <testcase classname="io.cucumber.testng.AbstractTestNGCucumberTests" name="runScenario" time="8.052"/>
  <testcase classname="runner.TC001_LoginTC" name="runLogin" time="19.038"/>
  <testcase classname="runner.TC002_CreateLead" name="runCreateLead" time="53.936"/>
  <testcase classname="io.cucumber.testng.AbstractTestNGCucumberTests" name="runScenario" time="53.827"/>
</testsuite> <!-- Test -->
